2020-06-11 12:41:07,149 INFO [root] [__init__.py(<module>:10)] - Test日志会不会打印！！！
2020-06-11 12:41:07,871 INFO [root] [test_emp_params.py(test01_login_success:30)] - 登录接口返回的结果为：{'success': True, 'code': 10000, 'message': '操作成功！', 'data': '7f5e0eb2-a791-47a8-9d74-f2cf5e995069'}
2020-06-11 12:41:07,872 INFO [root] [test_emp_params.py(test01_login_success:36)] - 保存到全局变量中的请求头为：{'Content-Type': 'application/json', 'Authorization': 'Bearer 7f5e0eb2-a791-47a8-9d74-f2cf5e995069'}
2020-06-11 12:41:07,873 INFO [root] [test_emp_params.py(test02_add_emp:46)] - app.HEADERS的值是：{'Content-Type': 'application/json', 'Authorization': 'Bearer 7f5e0eb2-a791-47a8-9d74-f2cf5e995069'}
2020-06-11 12:41:07,967 INFO [root] [test_emp_params.py(test02_add_emp:50)] - 添加员工的结果为：{'success': True, 'code': 10000, 'message': '操作成功！', 'data': {'id': '1270939195417821184'}}
2020-06-11 12:41:07,967 INFO [root] [test_emp_params.py(test02_add_emp:54)] - 保存到全局变量的员工的ID为：1270939195417821184
2020-06-11 12:41:08,053 INFO [root] [test_emp_params.py(test03_query_emp:63)] - 查询员工的结果为：{'success': True, 'code': 10000, 'message': '操作成功！', 'data': {'id': '1270939195417821184', 'mobile': '19846890423', 'username': '杨利伟111', 'password': '5af6679d6bb285b07115fa1cb732fbaa', 'enableState': 1, 'createTime': None, 'companyId': '1', 'companyName': '传智播客', 'departmentId': '1063678149528784896', 'timeOfEntry': '2020-05-05T00:00:00.000+0000', 'formOfEmployment': 1, 'workNumber': None, 'formOfManagement': None, 'workingCity': None, 'correctionTime': '2020-05-30T16:00:00.000+0000', 'inServiceStatus': None, 'departmentName': '测试部', 'roleIds': [], 'staffPhoto': None}}
2020-06-11 12:41:08,148 INFO [root] [test_emp_params.py(test04_modify_emp:72)] - 修改员工的结果为：{'success': True, 'code': 10000, 'message': '操作成功！', 'data': {'id': '1270939195417821184'}}
2020-06-11 12:41:08,233 INFO [root] [test_emp_params.py(test05_delete_emp:81)] - 删除员工的结果为：{'success': True, 'code': 10000, 'message': '操作成功！', 'data': None}
2020-06-11 12:41:08,319 INFO [root] [test_ihrm_employee.py(test01_login_success:30)] - 登录接口返回的结果为：{'success': True, 'code': 10000, 'message': '操作成功！', 'data': '802453ad-8f43-469c-9f44-2358e5bb221e'}
2020-06-11 12:41:08,319 INFO [root] [test_ihrm_employee.py(test01_login_success:36)] - 保存到全局变量中的请求头为：{'Content-Type': 'application/json', 'Authorization': 'Bearer 802453ad-8f43-469c-9f44-2358e5bb221e'}
2020-06-11 12:41:08,319 INFO [root] [test_ihrm_employee.py(test02_add_emp:42)] - app.HEADERS的值是：{'Content-Type': 'application/json', 'Authorization': 'Bearer 802453ad-8f43-469c-9f44-2358e5bb221e'}
2020-06-11 12:41:08,593 INFO [root] [test_ihrm_employee.py(test02_add_emp:46)] - 添加员工的结果为：{'success': False, 'code': 99999, 'message': '抱歉，系统繁忙，请稍后重试！', 'data': None}
2020-06-11 12:41:08,686 INFO [root] [test_ihrm_employee.py(test03_query_emp:58)] - 查询员工的结果为：{'success': False, 'code': 99999, 'message': '抱歉，系统繁忙，请稍后重试！', 'data': None}
2020-06-11 12:41:08,779 INFO [root] [test_ihrm_employee.py(test04_modify_emp:66)] - 修改员工的结果为：{'success': False, 'code': 99999, 'message': '抱歉，系统繁忙，请稍后重试！', 'data': None}
2020-06-11 12:41:08,866 INFO [root] [test_ihrm_employee.py(test05_delete_emp:74)] - 删除员工的结果为：{'success': False, 'code': 99999, 'message': '抱歉，系统繁忙，请稍后重试！', 'data': None}
2020-06-11 12:41:08,969 INFO [root] [test_ihrm_login.py(test01_login_success:23)] - 登录成功的结果为：{'success': True, 'code': 10000, 'message': '操作成功！', 'data': 'd2992b14-226a-4f7e-b82d-14194ffff3cc'}
2020-06-11 12:41:09,300 INFO [root] [test_ihrm_login.py(test02_mobile_is_empty:32)] - 手机号码为空的结果为：{'success': False, 'code': 20001, 'message': '用户名或密码错误', 'data': None}
2020-06-11 12:41:09,377 INFO [root] [test_ihrm_login.py(test03_mobile_is_not_exists:41)] - 手机号码不存在的结果为：{'success': False, 'code': 20001, 'message': '用户名或密码错误', 'data': None}
2020-06-11 12:41:09,464 INFO [root] [test_ihrm_login.py(test04_password_is_error:50)] - 密码错误的结果为：{'success': False, 'code': 20001, 'message': '用户名或密码错误', 'data': None}
2020-06-11 12:41:09,560 INFO [root] [test_ihrm_login.py(test05_params_is_none:58)] - 无参的结果为：{'success': False, 'code': 20001, 'message': '用户名或密码错误', 'data': None}
2020-06-11 12:41:09,651 INFO [root] [test_ihrm_login.py(test06_params_is_null:66)] - 传入None的结果为：{'success': False, 'code': 99999, 'message': '抱歉，系统繁忙，请稍后重试！', 'data': None}
2020-06-11 12:41:09,735 INFO [root] [test_ihrm_login.py(test07_more_params:75)] - 多参的结果为：{'success': True, 'code': 10000, 'message': '操作成功！', 'data': 'c8ef3375-fbde-4d9e-8b58-7df119cbc167'}
2020-06-11 12:41:09,817 INFO [root] [test_ihrm_login.py(test08_less_params_mobile:84)] - 少参-缺少mobile的结果为：{'success': False, 'code': 20001, 'message': '用户名或密码错误', 'data': None}
2020-06-11 12:41:09,901 INFO [root] [test_ihrm_login.py(test09_less_password:93)] - 少参-缺少Passowrd的结果为：{'success': False, 'code': 20001, 'message': '用户名或密码错误', 'data': None}
2020-06-11 12:41:09,974 INFO [root] [test_ihrm_login.py(test10_params_is_error:102)] - 错误参数的结果为：{'success': False, 'code': 20001, 'message': '用户名或密码错误', 'data': None}
2020-06-11 12:41:10,052 INFO [root] [test_ihrm_login.py(test11_password_is_empty:111)] - 密码为空的结果为：{'success': False, 'code': 20001, 'message': '用户名或密码错误', 'data': None}
2020-06-11 12:41:10,147 INFO [root] [test_login_params.py(test01_login:29)] - 登录的结果为：{'success': True, 'code': 10000, 'message': '操作成功！', 'data': '65652e4a-375a-488c-ac97-b71151a6814c'}
2020-06-11 12:41:10,243 INFO [root] [test_login_params.py(test01_login:29)] - 登录的结果为：{'success': False, 'code': 20001, 'message': '用户名或密码错误', 'data': None}
2020-06-11 12:41:10,386 INFO [root] [test_login_params.py(test01_login:29)] - 登录的结果为：{'success': False, 'code': 20001, 'message': '用户名或密码错误', 'data': None}
2020-06-11 12:41:10,486 INFO [root] [test_login_params.py(test01_login:29)] - 登录的结果为：{'success': False, 'code': 20001, 'message': '用户名或密码错误', 'data': None}
2020-06-11 12:41:10,567 INFO [root] [test_login_params.py(test01_login:29)] - 登录的结果为：{'success': False, 'code': 20001, 'message': '用户名或密码错误', 'data': None}
2020-06-11 12:41:10,653 INFO [root] [test_login_params.py(test01_login:29)] - 登录的结果为：{'success': False, 'code': 20001, 'message': '用户名或密码错误', 'data': None}
2020-06-11 12:41:10,744 INFO [root] [test_login_params.py(test01_login:29)] - 登录的结果为：{'success': True, 'code': 10000, 'message': '操作成功！', 'data': 'a595036b-1cdb-45c2-bef3-75fa3f4512c4'}
2020-06-11 12:41:10,828 INFO [root] [test_login_params.py(test01_login:29)] - 登录的结果为：{'success': False, 'code': 20001, 'message': '用户名或密码错误', 'data': None}
2020-06-11 12:41:10,911 INFO [root] [test_login_params.py(test01_login:29)] - 登录的结果为：{'success': False, 'code': 20001, 'message': '用户名或密码错误', 'data': None}
2020-06-11 12:41:11,009 INFO [root] [test_login_params.py(test01_login:29)] - 登录的结果为：{'success': False, 'code': 20001, 'message': '用户名或密码错误', 'data': None}
2020-06-11 12:41:11,091 INFO [root] [test_login_params.py(test01_login:29)] - 登录的结果为：{'success': False, 'code': 99999, 'message': '抱歉，系统繁忙，请稍后重试！', 'data': None}
